<?xml version="1.0" encoding="UTF-8"?>
<!-- Generated by org.testng.reporters.JUnitXMLReporter -->
<testsuite ignored="0" hostname="DESKTOP-IIVT408" failures="0" tests="3" name="Default test" time="21.06" errors="0" timestamp="2024-11-16T12:30:17 IST">
  <testcase classname="sampletest.HomePageaTest" name="Varifylogo" time="0.287"/>
  <testcase classname="sampletest.HomePageaTest" name="Varifytitle" time="0.012"/>
  <testcase classname="sampletest.HomePageaTest" name="login" time="6.56"/>
</testsuite> <!-- Default test -->
