<?xml version="1.0" encoding="UTF-8"?>
<!-- Generated by org.testng.reporters.JUnitXMLReporter -->
<testsuite ignored="0" hostname="DESKTOP-IIVT408" failures="1" tests="2" name="Test" time="8.713" errors="0" timestamp="2024-10-28T13:49:20 IST">
  <testcase classname="sampletest.Basic2" name="basic2" time="0.215">
    <failure type="java.lang.AssertionError" message="expected [true] but found [false]">
      <![CDATA[java.lang.AssertionError: expected [true] but found [false]
at sampletest.Basic2.basic2(Basic2.java:9)
at java.base/java.util.ArrayList.forEach(ArrayList.java:1541)
... Removed 31 stack frames]]>
    </failure>
  </testcase> <!-- basic2 -->
  <testcase classname="sampletest.Basic" name="basic" time="8.057"/>
</testsuite> <!-- Test -->
