<?xml version="1.0" encoding="UTF-8"?>
<testng-results ignored="0" total="3" passed="3" failed="0" skipped="0">
  <reporter-output>
  </reporter-output>
  <suite started-at="2024-11-16T12:29:56 IST" name="Default suite" finished-at="2024-11-16T12:30:17 IST" duration-ms="21060">
    <groups>
    </groups>
    <test started-at="2024-11-16T12:29:56 IST" name="Default test" finished-at="2024-11-16T12:30:17 IST" duration-ms="21060">
      <class name="sampletest.HomePageaTest">
        <test-method is-config="true" signature="setup()[pri:0, instance:sampletest.HomePageaTest@5d066c7d]" started-at="2024-11-16T12:29:56 IST" name="setup" finished-at="2024-11-16T12:30:04 IST" duration-ms="8126" status="PASS">
          <reporter-output>
          </reporter-output>
        </test-method> <!-- setup -->
        <test-method signature="Varifylogo()[pri:0, instance:sampletest.HomePageaTest@5d066c7d]" started-at="2024-11-16T12:30:04 IST" name="Varifylogo" finished-at="2024-11-16T12:30:05 IST" duration-ms="287" status="PASS">
          <reporter-output>
          </reporter-output>
        </test-method> <!-- Varifylogo -->
        <test-method is-config="true" signature="teardown(org.testng.ITestResult)[pri:0, instance:sampletest.HomePageaTest@5d066c7d]" started-at="2024-11-16T12:30:05 IST" name="teardown" finished-at="2024-11-16T12:30:05 IST" duration-ms="227" status="PASS">
          <params>
            <param index="0">
              <value>
                <![CDATA[[TestResult name=Varifylogo status=SUCCESS method=HomePageaTest.Varifylogo()[pri:0, instance:sampletest.HomePageaTest@5d066c7d] output={null}]]]>
              </value>
            </param>
          </params>
          <reporter-output>
          </reporter-output>
        </test-method> <!-- teardown -->
        <test-method is-config="true" signature="setup()[pri:0, instance:sampletest.HomePageaTest@5d066c7d]" started-at="2024-11-16T12:30:05 IST" name="setup" finished-at="2024-11-16T12:30:07 IST" duration-ms="2024" status="PASS">
          <reporter-output>
          </reporter-output>
        </test-method> <!-- setup -->
        <test-method signature="Varifytitle()[pri:0, instance:sampletest.HomePageaTest@5d066c7d]" started-at="2024-11-16T12:30:07 IST" name="Varifytitle" finished-at="2024-11-16T12:30:07 IST" duration-ms="12" status="PASS">
          <reporter-output>
          </reporter-output>
        </test-method> <!-- Varifytitle -->
        <test-method is-config="true" signature="teardown(org.testng.ITestResult)[pri:0, instance:sampletest.HomePageaTest@5d066c7d]" started-at="2024-11-16T12:30:07 IST" name="teardown" finished-at="2024-11-16T12:30:07 IST" duration-ms="232" status="PASS">
          <params>
            <param index="0">
              <value>
                <![CDATA[[TestResult name=Varifytitle status=SUCCESS method=HomePageaTest.Varifytitle()[pri:0, instance:sampletest.HomePageaTest@5d066c7d] output={null}]]]>
              </value>
            </param>
          </params>
          <reporter-output>
          </reporter-output>
        </test-method> <!-- teardown -->
        <test-method is-config="true" signature="setup()[pri:0, instance:sampletest.HomePageaTest@5d066c7d]" started-at="2024-11-16T12:30:07 IST" name="setup" finished-at="2024-11-16T12:30:09 IST" duration-ms="1935" status="PASS">
          <reporter-output>
          </reporter-output>
        </test-method> <!-- setup -->
        <test-method signature="login()[pri:0, instance:sampletest.HomePageaTest@5d066c7d]" started-at="2024-11-16T12:30:09 IST" name="login" finished-at="2024-11-16T12:30:16 IST" duration-ms="6560" status="PASS">
          <reporter-output>
          </reporter-output>
        </test-method> <!-- login -->
        <test-method is-config="true" signature="teardown(org.testng.ITestResult)[pri:0, instance:sampletest.HomePageaTest@5d066c7d]" started-at="2024-11-16T12:30:16 IST" name="teardown" finished-at="2024-11-16T12:30:17 IST" duration-ms="1060" status="PASS">
          <params>
            <param index="0">
              <value>
                <![CDATA[[TestResult name=login status=SUCCESS method=HomePageaTest.login()[pri:0, instance:sampletest.HomePageaTest@5d066c7d] output={null}]]]>
              </value>
            </param>
          </params>
          <reporter-output>
          </reporter-output>
        </test-method> <!-- teardown -->
      </class> <!-- sampletest.HomePageaTest -->
    </test> <!-- Default test -->
  </suite> <!-- Default suite -->
</testng-results>
