<?xml version="1.0" encoding="UTF-8"?>
<!-- Generated by org.testng.reporters.JUnitXMLReporter -->
<testsuite ignored="0" hostname="DESKTOP-IIVT408" failures="1" tests="5" name="Test" time="10.114" errors="0" timestamp="2024-11-13T20:22:33 IST">
  <testcase classname="sampletest.basic3" name="@AfterMethod teardown" time="0.161">
    <failure type="java.lang.NullPointerException">
      <![CDATA[java.lang.NullPointerException
at sampletest.basic3.teardown(basic3.java:79)
at java.base/java.util.ArrayList.forEach(ArrayList.java:1541)
... Removed 32 stack frames]]>
    </failure>
  </testcase> <!-- @AfterMethod teardown -->
  <testcase classname="sampletest.basic3" name="@BeforeMethod setup" time="0.0">
    <skipped/>
  </testcase> <!-- @BeforeMethod setup -->
  <testcase classname="sampletest.basic3" name="@AfterMethod teardown" time="0.0">
    <skipped/>
  </testcase> <!-- @AfterMethod teardown -->
  <testcase classname="sampletest.basic3" name="@BeforeMethod setup" time="0.0">
    <skipped/>
  </testcase> <!-- @BeforeMethod setup -->
  <testcase classname="sampletest.basic3" name="@AfterMethod teardown" time="0.0">
    <skipped/>
  </testcase> <!-- @AfterMethod teardown -->
  <testcase classname="sampletest.basic3" name="@BeforeMethod setup" time="0.0">
    <skipped/>
  </testcase> <!-- @BeforeMethod setup -->
  <testcase classname="sampletest.basic3" name="@AfterMethod teardown" time="0.0">
    <skipped/>
  </testcase> <!-- @AfterMethod teardown -->
  <testcase classname="sampletest.basic3" name="@BeforeMethod setup" time="0.0">
    <skipped/>
  </testcase> <!-- @BeforeMethod setup -->
  <testcase classname="sampletest.basic3" name="@AfterMethod teardown" time="0.0">
    <skipped/>
  </testcase> <!-- @AfterMethod teardown -->
  <testcase classname="sampletest.basic3" name="Varifylogo" time="0.218">
    <failure type="java.lang.NullPointerException">
      <![CDATA[java.lang.NullPointerException
at sampletest.basic3.Varifylogo(basic3.java:35)
at java.base/java.util.ArrayList.forEach(ArrayList.java:1541)
... Removed 27 stack frames]]>
    </failure>
  </testcase> <!-- Varifylogo -->
  <testcase classname="sampletest.basic3" name="Varifytitle" time="0.0">
    <skipped/>
  </testcase> <!-- Varifytitle -->
  <testcase classname="sampletest.basic3" name="failtest" time="0.0">
    <skipped/>
  </testcase> <!-- failtest -->
  <testcase classname="sampletest.basic3" name="login" time="0.0">
    <skipped/>
  </testcase> <!-- login -->
  <testcase classname="sampletest.basic3" name="skiptest" time="0.0">
    <skipped/>
  </testcase> <!-- skiptest -->
</testsuite> <!-- Test -->
